# JRE version: OpenJDK Runtime Environment Microsoft-12574459 (21.0.9+10) (build 21.0.9+10-LTS)
# Java VM: OpenJDK 64-Bit Server VM Microsoft-12574459 (21.0.9+10-LTS, mixed mode, sharing, tiered, compressed oops, compressed class ptrs, g1 gc, windows-amd64)
GC Precious Log:
 CardTable entry size: 512
 Card Set container configuration: InlinePtr #cards 5 size 8 Array Of Cards #cards 12 size 40 Howl #buckets 4 coarsen threshold 1843 Howl Bitmap #cards 512 size 80 coarsen threshold 460 Card regions per heap region 1 cards per card region 2048
 CPUs: 4 total, 4 available
 Memory: 8073M
 Large Page Support: Disabled
 NUMA Support: Disabled
 Compressed Oops: Enabled (32-bit)
 Heap Region Size: 1M
 Heap Min Capacity: 8M
 Heap Initial Capacity: 128M
 Heap Max Capacity: 1G
 Pre-touch: Disabled
 Parallel Workers: 4
 Concurrent Workers: 1
 Concurrent Refinement Workers: 4
 Periodic GC: Disabled
Heap:
 garbage-first heap   total 95232K, used 60751K [0x00000000c0000000, 0x0000000100000000)
  region size 1024K, 4 young (4096K), 3 survivors (3072K)
 Metaspace       used 61457K, committed 63616K, reserved 1114112K
  class space    used 8926K, committed 9984K, reserved 1048576K
GC Heap History (20 events):
Event: 28.070 GC heap before
{Heap before GC invocations=10 (full 0):
 garbage-first heap   total 86016K, used 74983K [0x00000000c0000000, 0x0000000100000000)
  region size 1024K, 45 young (46080K), 2 survivors (2048K)
 Metaspace       used 40804K, committed 42304K, reserved 1114112K
  class space    used 5847K, committed 6592K, reserved 1048576K
}
Event: 28.079 GC heap after
{Heap after GC invocations=11 (full 0):
 garbage-first heap   total 86016K, used 36615K [0x00000000c0000000, 0x0000000100000000)
  region size 1024K, 6 young (6144K), 6 survivors (6144K)
 Metaspace       used 40804K, committed 42304K, reserved 1114112K
  class space    used 5847K, committed 6592K, reserved 1048576K
}
Event: 29.740 GC heap before
{Heap before GC invocations=11 (full 0):
 garbage-first heap   total 86016K, used 75527K [0x00000000c0000000, 0x0000000100000000)
  region size 1024K, 44 young (45056K), 6 survivors (6144K)
 Metaspace       used 44251K, committed 45952K, reserved 1114112K
  class space    used 6405K, committed 7232K, reserved 1048576K
}
Event: 29.755 GC heap after
{Heap after GC invocations=12 (full 0):
 garbage-first heap   total 87040K, used 39843K [0x00000000c0000000, 0x0000000100000000)
  region size 1024K, 4 young (4096K), 4 survivors (4096K)
 Metaspace       used 44251K, committed 45952K, reserved 1114112K
  class space    used 6405K, committed 7232K, reserved 1048576K
}
Event: 35.186 GC heap before
{Heap before GC invocations=12 (full 0):
 garbage-first heap   total 87040K, used 75683K [0x00000000c0000000, 0x0000000100000000)
  region size 1024K, 39 young (39936K), 4 survivors (4096K)
 Metaspace       used 48267K, committed 50176K, reserved 1114112K
  class space    used 7072K, committed 8000K, reserved 1048576K
}
Event: 35.204 GC heap after
{Heap after GC invocations=13 (full 0):
 garbage-first heap   total 87040K, used 41511K [0x00000000c0000000, 0x0000000100000000)
  region size 1024K, 2 young (2048K), 2 survivors (2048K)
 Metaspace       used 48267K, committed 50176K, reserved 1114112K
  class space    used 7072K, committed 8000K, reserved 1048576K
}
Event: 37.993 GC heap before
{Heap before GC invocations=13 (full 0):
 garbage-first heap   total 87040K, used 78375K [0x00000000c0000000, 0x0000000100000000)
  region size 1024K, 38 young (38912K), 2 survivors (2048K)
 Metaspace       used 51546K, committed 53632K, reserved 1114112K
  class space    used 7623K, committed 8640K, reserved 1048576K
}
Event: 38.004 GC heap after
{Heap after GC invocations=14 (full 0):
 garbage-first heap   total 87040K, used 44132K [0x00000000c0000000, 0x0000000100000000)
  region size 1024K, 5 young (5120K), 5 survivors (5120K)
 Metaspace       used 51546K, committed 53632K, reserved 1114112K
  class space    used 7623K, committed 8640K, reserved 1048576K
}
Event: 44.370 GC heap before
{Heap before GC invocations=15 (full 0):
 garbage-first heap   total 87040K, used 76900K [0x00000000c0000000, 0x0000000100000000)
  region size 1024K, 38 young (38912K), 5 survivors (5120K)
 Metaspace       used 52694K, committed 54720K, reserved 1114112K
  class space    used 7711K, committed 8704K, reserved 1048576K
}
Event: 44.386 GC heap after
{Heap after GC invocations=16 (full 0):
 garbage-first heap   total 87040K, used 46633K [0x00000000c0000000, 0x0000000100000000)
  region size 1024K, 3 young (3072K), 3 survivors (3072K)
 Metaspace       used 52694K, committed 54720K, reserved 1114112K
  class space    used 7711K, committed 8704K, reserved 1048576K
}
Event: 47.346 GC heap before
{Heap before GC invocations=16 (full 0):
 garbage-first heap   total 87040K, used 77353K [0x00000000c0000000, 0x0000000100000000)
  region size 1024K, 34 young (34816K), 3 survivors (3072K)
 Metaspace       used 53248K, committed 55296K, reserved 1114112K
  class space    used 7727K, committed 8704K, reserved 1048576K
}
Event: 47.359 GC heap after
{Heap after GC invocations=17 (full 0):
 garbage-first heap   total 87040K, used 47858K [0x00000000c0000000, 0x0000000100000000)
  region size 1024K, 4 young (4096K), 4 survivors (4096K)
 Metaspace       used 53248K, committed 55296K, reserved 1114112K
  class space    used 7727K, committed 8704K, reserved 1048576K
}
Event: 51.426 GC heap before
{Heap before GC invocations=17 (full 0):
 garbage-first heap   total 87040K, used 78578K [0x00000000c0000000, 0x0000000100000000)
  region size 1024K, 35 young (35840K), 4 survivors (4096K)
 Metaspace       used 56209K, committed 58240K, reserved 1114112K
  class space    used 8279K, committed 9280K, reserved 1048576K
}
Event: 51.449 GC heap after
{Heap after GC invocations=18 (full 0):
 garbage-first heap   total 87040K, used 49945K [0x00000000c0000000, 0x0000000100000000)
  region size 1024K, 4 young (4096K), 4 survivors (4096K)
 Metaspace       used 56209K, committed 58240K, reserved 1114112K
  class space    used 8279K, committed 9280K, reserved 1048576K
}
Event: 58.271 GC heap before
{Heap before GC invocations=19 (full 0):
 garbage-first heap   total 89088K, used 85785K [0x00000000c0000000, 0x0000000100000000)
  region size 1024K, 33 young (33792K), 4 survivors (4096K)
 Metaspace       used 58168K, committed 60288K, reserved 1114112K
  class space    used 8460K, committed 9472K, reserved 1048576K
}
Event: 58.281 GC heap after
{Heap after GC invocations=20 (full 0):
 garbage-first heap   total 95232K, used 55686K [0x00000000c0000000, 0x0000000100000000)
  region size 1024K, 5 young (5120K), 5 survivors (5120K)
 Metaspace       used 58168K, committed 60288K, reserved 1114112K
  class space    used 8460K, committed 9472K, reserved 1048576K
}
Event: 58.960 GC heap before
{Heap before GC invocations=20 (full 0):
 garbage-first heap   total 95232K, used 85382K [0x00000000c0000000, 0x0000000100000000)
  region size 1024K, 34 young (34816K), 5 survivors (5120K)
 Metaspace       used 59705K, committed 61888K, reserved 1114112K
  class space    used 8672K, committed 9728K, reserved 1048576K
}
Event: 58.980 GC heap after
{Heap after GC invocations=21 (full 0):
 garbage-first heap   total 95232K, used 58335K [0x00000000c0000000, 0x0000000100000000)
  region size 1024K, 3 young (3072K), 3 survivors (3072K)
 Metaspace       used 59705K, committed 61888K, reserved 1114112K
  class space    used 8672K, committed 9728K, reserved 1048576K
}
Event: 60.882 GC heap before
{Heap before GC invocations=21 (full 0):
 garbage-first heap   total 95232K, used 87007K [0x00000000c0000000, 0x0000000100000000)
  region size 1024K, 31 young (31744K), 3 survivors (3072K)
 Metaspace       used 61457K, committed 63616K, reserved 1114112K
  class space    used 8926K, committed 9984K, reserved 1048576K
}
Event: 60.900 GC heap after
{Heap after GC invocations=22 (full 0):
 garbage-first heap   total 95232K, used 60751K [0x00000000c0000000, 0x0000000100000000)
  region size 1024K, 3 young (3072K), 3 survivors (3072K)
 Metaspace       used 61457K, committed 63616K, reserved 1114112K
  class space    used 8926K, committed 9984K, reserved 1048576K
}

